2018-02-03 00:21:25.360 EST [708] LOG:  listening on IPv6 address "::1", port 5432
2018-02-03 00:21:25.360 EST [708] LOG:  listening on IPv4 address "127.0.0.1", port 5432
2018-02-03 00:21:25.361 EST [708] LOG:  listening on Unix socket "/tmp/.s.PGSQL.5432"
2018-02-03 00:21:25.387 EST [709] LOG:  database system was shut down at 2018-02-02 23:37:56 EST
2018-02-03 00:21:25.411 EST [708] LOG:  database system is ready to accept connections
2018-02-03 00:22:31.533 EST [708] LOG:  received fast shutdown request
2018-02-03 00:22:31.541 EST [708] LOG:  aborting any active transactions
2018-02-03 00:22:31.542 EST [708] LOG:  background worker "logical replication launcher" (PID 715) exited with exit code 1
2018-02-03 00:22:31.543 EST [710] LOG:  shutting down
2018-02-03 00:22:31.559 EST [708] LOG:  database system is shut down
2018-02-03 21:07:13.528 EST [10375] LOG:  listening on IPv6 address "::1", port 5432
2018-02-03 21:07:13.529 EST [10375] LOG:  listening on IPv4 address "127.0.0.1", port 5432
2018-02-03 21:07:13.529 EST [10375] LOG:  listening on Unix socket "/tmp/.s.PGSQL.5432"
2018-02-03 21:07:13.551 EST [10376] LOG:  database system was shut down at 2018-02-03 00:22:31 EST
2018-02-03 21:07:13.554 EST [10375] LOG:  database system is ready to accept connections
2018-02-03 21:19:32.642 EST [11019] FATAL:  lock file "postmaster.pid" already exists
2018-02-03 21:19:32.642 EST [11019] HINT:  Is another postmaster (PID 10375) running in data directory "/usr/local/pgsql/data"?
2018-02-03 21:27:22.655 EST [10375] LOG:  received fast shutdown request
2018-02-03 21:27:22.664 EST [10375] LOG:  aborting any active transactions
2018-02-03 21:27:22.664 EST [10375] LOG:  background worker "logical replication launcher" (PID 10382) exited with exit code 1
2018-02-03 21:27:22.665 EST [10377] LOG:  shutting down
2018-02-03 21:27:22.671 EST [10375] LOG:  database system is shut down
2018-02-04 10:42:03.203 EST [17712] LOG:  listening on IPv6 address "::1", port 5432
2018-02-04 10:42:03.204 EST [17712] LOG:  listening on IPv4 address "127.0.0.1", port 5432
2018-02-04 10:42:03.206 EST [17712] LOG:  listening on Unix socket "/tmp/.s.PGSQL.5432"
2018-02-04 10:42:03.231 EST [17713] LOG:  database system was shut down at 2018-02-03 21:27:22 EST
2018-02-04 10:42:03.238 EST [17712] LOG:  database system is ready to accept connections
2018-02-04 21:55:45.790 EST [45158] ERROR:  relation "test" does not exist at character 15
2018-02-04 21:55:45.790 EST [45158] STATEMENT:  SELECT * FROM test;
2018-02-04 21:56:07.624 EST [45158] ERROR:  relation "test" does not exist at character 15
2018-02-04 21:56:07.624 EST [45158] STATEMENT:  select * from test
	;
2018-02-04 21:56:15.112 EST [45158] ERROR:  syntax error at or near "TABLE" at character 15
2018-02-04 21:56:15.112 EST [45158] STATEMENT:  select * from TABLE test;
2018-02-04 21:56:52.333 EST [45218] ERROR:  relation "test" does not exist at character 15
2018-02-04 21:56:52.333 EST [45218] STATEMENT:  select * from test;
2018-02-04 21:57:13.217 EST [45218] ERROR:  syntax error at or near "test" at character 10
2018-02-04 21:57:13.217 EST [45218] STATEMENT:  select * test;
2018-02-04 21:57:49.266 EST [45218] ERROR:  relation "mytables" does not exist at character 23
2018-02-04 21:57:49.266 EST [45218] STATEMENT:  EXPLAIN select * from mytables;
2018-02-04 21:58:59.230 EST [45218] ERROR:  relation "mytables" does not exist at character 21
2018-02-04 21:58:59.230 EST [45218] STATEMENT:  EXPLAIN INSERT INTO mytables VALUES (PizzaL, Luo);
2018-02-04 21:59:05.946 EST [45218] ERROR:  column "pizzal" does not exist at character 37
2018-02-04 21:59:05.946 EST [45218] STATEMENT:  EXPLAIN INSERT INTO mytable VALUES (PizzaL, Luo);
2018-02-04 21:59:23.532 EST [45218] ERROR:  relation "mytables" does not exist at character 15
2018-02-04 21:59:23.532 EST [45218] STATEMENT:  select * from mytables;
2018-02-06 23:31:29.066 EST [17712] LOG:  received smart shutdown request
2018-02-06 23:31:29.066 EST [17712] LOG:  background worker "logical replication launcher" (PID 17719) exited with exit code 1
2018-02-06 23:31:29.066 EST [17714] LOG:  shutting down
2018-02-06 23:31:29.073 EST [17712] LOG:  database system is shut down
